c:\users\lzb\desktop\uav_encoder_affine\encoder\debug\vc142.pdb
c:\users\lzb\desktop\uav_encoder_affine\encoder\debug\vc142.idb
c:\users\lzb\desktop\uav_encoder_affine\encoder\debug\quant.obj
c:\users\lzb\desktop\uav_encoder_affine\encoder\debug\other.obj
c:\users\lzb\desktop\uav_encoder_affine\encoder\debug\mc.obj
c:\users\lzb\desktop\uav_encoder_affine\encoder\debug\deblock.obj
c:\users\lzb\desktop\uav_encoder_affine\encoder\debug\dct.obj
c:\users\lzb\desktop\uav_encoder_affine\encoder\debug\main.obj
c:\users\lzb\desktop\uav_encoder_affine\encoder\debug\intra_44_model.obj
c:\users\lzb\desktop\uav_encoder_affine\encoder\debug\intra.obj
c:\users\lzb\desktop\uav_encoder_affine\encoder\debug\inter.obj
c:\users\lzb\desktop\uav_encoder_affine\encoder\debug\entroy.obj
c:\users\lzb\desktop\uav_encoder_affine\debug\encoder.exe
c:\users\lzb\desktop\uav_encoder_affine\debug\encoder.ilk
c:\users\lzb\desktop\uav_encoder_affine\debug\encoder.pdb
c:\users\lzb\desktop\uav_encoder_affine\encoder\debug\encoder.tlog\cl.command.1.tlog
c:\users\lzb\desktop\uav_encoder_affine\encoder\debug\encoder.tlog\cl.read.1.tlog
c:\users\lzb\desktop\uav_encoder_affine\encoder\debug\encoder.tlog\cl.write.1.tlog
c:\users\lzb\desktop\uav_encoder_affine\encoder\debug\encoder.tlog\link.command.1.tlog
c:\users\lzb\desktop\uav_encoder_affine\encoder\debug\encoder.tlog\link.read.1.tlog
c:\users\lzb\desktop\uav_encoder_affine\encoder\debug\encoder.tlog\link.write.1.tlog
